0 info it worked if it ends with ok
1 verbose cli [ 'node', '/usr/local/bin/npm', 'install' ]
2 info using npm@1.4.28
3 info using node@v0.10.35
4 verbose readDependencies using package.json deps
5 verbose install where, deps [ '/Users/Kyle/web-app',
5 verbose install   [ 'body-parser',
5 verbose install     'cookie-parser',
5 verbose install     'debug',
5 verbose install     'express',
5 verbose install     'express-session',
5 verbose install     'gm',
5 verbose install     'hjs',
5 verbose install     'mongodb',
5 verbose install     'monk',
5 verbose install     'morgan',
5 verbose install     'serve-favicon',
5 verbose install     'underscore',
5 verbose install     'browser-sync',
5 verbose install     'gulp',
5 verbose install     'gulp-connect',
5 verbose install     'gulp-express',
5 verbose install     'gulp-jshint',
5 verbose install     'gulp-nodemon',
5 verbose install     'jasmine-core',
5 verbose install     'karma',
5 verbose install     'karma-chrome-launcher',
5 verbose install     'karma-jasmine' ] ]
6 info preinstall robobetty@0.0.0
7 warn package.json karma-chrome-launcher@0.1.7 No README data
8 warn package.json karma-coffee-preprocessor@0.2.1 No README data
9 warn package.json karma-firefox-launcher@0.1.4 No README data
10 warn package.json karma-phantomjs-launcher@0.1.4 No README data
11 warn package.json passport-local@0.1.6 No README data
12 verbose readDependencies using package.json deps
13 verbose already installed skipping gulp-connect@^2.2.0 /Users/Kyle/web-app
14 verbose already installed skipping gulp-express@^0.1.7 /Users/Kyle/web-app
15 verbose cache add [ 'gulp-jshint@^1.9.2', null ]
16 verbose cache add name=undefined spec="gulp-jshint@^1.9.2" args=["gulp-jshint@^1.9.2",null]
17 verbose parsed url { protocol: null,
17 verbose parsed url   slashes: null,
17 verbose parsed url   auth: null,
17 verbose parsed url   host: null,
17 verbose parsed url   port: null,
17 verbose parsed url   hostname: null,
17 verbose parsed url   hash: null,
17 verbose parsed url   search: null,
17 verbose parsed url   query: null,
17 verbose parsed url   pathname: 'gulp-jshint@^1.9.2',
17 verbose parsed url   path: 'gulp-jshint@^1.9.2',
17 verbose parsed url   href: 'gulp-jshint@^1.9.2' }
18 verbose cache add [ 'gulp-nodemon@^1.0.5', null ]
19 verbose cache add name=undefined spec="gulp-nodemon@^1.0.5" args=["gulp-nodemon@^1.0.5",null]
20 verbose parsed url { protocol: null,
20 verbose parsed url   slashes: null,
20 verbose parsed url   auth: null,
20 verbose parsed url   host: null,
20 verbose parsed url   port: null,
20 verbose parsed url   hostname: null,
20 verbose parsed url   hash: null,
20 verbose parsed url   search: null,
20 verbose parsed url   query: null,
20 verbose parsed url   pathname: 'gulp-nodemon@^1.0.5',
20 verbose parsed url   path: 'gulp-nodemon@^1.0.5',
20 verbose parsed url   href: 'gulp-nodemon@^1.0.5' }
21 verbose already installed skipping jasmine-core@^2.2.0 /Users/Kyle/web-app
22 verbose already installed skipping karma@^0.12.31 /Users/Kyle/web-app
23 verbose cache add name="gulp-jshint" spec="^1.9.2" args=["gulp-jshint","^1.9.2"]
24 verbose parsed url { protocol: null,
24 verbose parsed url   slashes: null,
24 verbose parsed url   auth: null,
24 verbose parsed url   host: null,
24 verbose parsed url   port: null,
24 verbose parsed url   hostname: null,
24 verbose parsed url   hash: null,
24 verbose parsed url   search: null,
24 verbose parsed url   query: null,
24 verbose parsed url   pathname: '^1.9.2',
24 verbose parsed url   path: '^1.9.2',
24 verbose parsed url   href: '^1.9.2' }
25 verbose addNamed [ 'gulp-jshint', '^1.9.2' ]
26 verbose addNamed [ null, '>=1.9.2-0 <2.0.0-0' ]
27 verbose already installed skipping karma-chrome-launcher@^0.1.7 /Users/Kyle/web-app
28 verbose cache add name="gulp-nodemon" spec="^1.0.5" args=["gulp-nodemon","^1.0.5"]
29 verbose parsed url { protocol: null,
29 verbose parsed url   slashes: null,
29 verbose parsed url   auth: null,
29 verbose parsed url   host: null,
29 verbose parsed url   port: null,
29 verbose parsed url   hostname: null,
29 verbose parsed url   hash: null,
29 verbose parsed url   search: null,
29 verbose parsed url   query: null,
29 verbose parsed url   pathname: '^1.0.5',
29 verbose parsed url   path: '^1.0.5',
29 verbose parsed url   href: '^1.0.5' }
30 verbose addNamed [ 'gulp-nodemon', '^1.0.5' ]
31 verbose addNamed [ null, '>=1.0.5-0 <2.0.0-0' ]
32 silly lockFile 603221a2-gulp-jshint-1-9-2 gulp-jshint@^1.9.2
33 verbose lock gulp-jshint@^1.9.2 /Users/Kyle/.npm/603221a2-gulp-jshint-1-9-2.lock
34 silly lockFile c40cd328-gulp-nodemon-1-0-5 gulp-nodemon@^1.0.5
35 verbose lock gulp-nodemon@^1.0.5 /Users/Kyle/.npm/c40cd328-gulp-nodemon-1-0-5.lock
36 verbose already installed skipping karma-jasmine@^0.3.5 /Users/Kyle/web-app
37 verbose already installed skipping body-parser@^1.10.2 /Users/Kyle/web-app
38 silly addNameRange { name: 'gulp-jshint',
38 silly addNameRange   range: '>=1.9.2-0 <2.0.0-0',
38 silly addNameRange   hasData: false }
39 silly addNameRange { name: 'gulp-nodemon',
39 silly addNameRange   range: '>=1.0.5-0 <2.0.0-0',
39 silly addNameRange   hasData: false }
40 verbose already installed skipping cookie-parser@~1.3.3 /Users/Kyle/web-app
41 verbose request where is /gulp-jshint
42 verbose request registry https://registry.npmjs.org/
43 verbose request id 69fdbae47b725df0
44 verbose url raw /gulp-jshint
45 verbose url resolving [ 'https://registry.npmjs.org/', './gulp-jshint' ]
46 verbose url resolved https://registry.npmjs.org/gulp-jshint
47 verbose request where is https://registry.npmjs.org/gulp-jshint
48 info trying registry request attempt 1 at 14:51:54
49 http GET https://registry.npmjs.org/gulp-jshint
50 verbose request where is /gulp-nodemon
51 verbose request registry https://registry.npmjs.org/
52 verbose url raw /gulp-nodemon
53 verbose url resolving [ 'https://registry.npmjs.org/', './gulp-nodemon' ]
54 verbose url resolved https://registry.npmjs.org/gulp-nodemon
55 verbose request where is https://registry.npmjs.org/gulp-nodemon
56 info trying registry request attempt 1 at 14:51:54
57 http GET https://registry.npmjs.org/gulp-nodemon
58 verbose already installed skipping debug@~2.1.1 /Users/Kyle/web-app
59 verbose already installed skipping express@~4.11.1 /Users/Kyle/web-app
60 verbose cache add [ 'express-session@^1.10.3', null ]
61 verbose cache add name=undefined spec="express-session@^1.10.3" args=["express-session@^1.10.3",null]
62 verbose parsed url { protocol: null,
62 verbose parsed url   slashes: null,
62 verbose parsed url   auth: null,
62 verbose parsed url   host: null,
62 verbose parsed url   port: null,
62 verbose parsed url   hostname: null,
62 verbose parsed url   hash: null,
62 verbose parsed url   search: null,
62 verbose parsed url   query: null,
62 verbose parsed url   pathname: 'express-session@^1.10.3',
62 verbose parsed url   path: 'express-session@^1.10.3',
62 verbose parsed url   href: 'express-session@^1.10.3' }
63 verbose already installed skipping gm@^1.17.0 /Users/Kyle/web-app
64 verbose already installed skipping hjs@~0.0.6 /Users/Kyle/web-app
65 verbose already installed skipping mongodb@* /Users/Kyle/web-app
66 verbose already installed skipping monk@* /Users/Kyle/web-app
67 verbose already installed skipping morgan@~1.5.1 /Users/Kyle/web-app
68 verbose already installed skipping serve-favicon@~2.2.0 /Users/Kyle/web-app
69 verbose cache add [ 'underscore@^1.8.1', null ]
70 verbose cache add name=undefined spec="underscore@^1.8.1" args=["underscore@^1.8.1",null]
71 verbose parsed url { protocol: null,
71 verbose parsed url   slashes: null,
71 verbose parsed url   auth: null,
71 verbose parsed url   host: null,
71 verbose parsed url   port: null,
71 verbose parsed url   hostname: null,
71 verbose parsed url   hash: null,
71 verbose parsed url   search: null,
71 verbose parsed url   query: null,
71 verbose parsed url   pathname: 'underscore@^1.8.1',
71 verbose parsed url   path: 'underscore@^1.8.1',
71 verbose parsed url   href: 'underscore@^1.8.1' }
72 verbose already installed skipping browser-sync@^2.1.1 /Users/Kyle/web-app
73 verbose already installed skipping gulp@^3.8.11 /Users/Kyle/web-app
74 verbose cache add name="express-session" spec="^1.10.3" args=["express-session","^1.10.3"]
75 verbose parsed url { protocol: null,
75 verbose parsed url   slashes: null,
75 verbose parsed url   auth: null,
75 verbose parsed url   host: null,
75 verbose parsed url   port: null,
75 verbose parsed url   hostname: null,
75 verbose parsed url   hash: null,
75 verbose parsed url   search: null,
75 verbose parsed url   query: null,
75 verbose parsed url   pathname: '^1.10.3',
75 verbose parsed url   path: '^1.10.3',
75 verbose parsed url   href: '^1.10.3' }
76 verbose addNamed [ 'express-session', '^1.10.3' ]
77 verbose addNamed [ null, '>=1.10.3-0 <2.0.0-0' ]
78 silly lockFile c26701d8-express-session-1-10-3 express-session@^1.10.3
79 verbose lock express-session@^1.10.3 /Users/Kyle/.npm/c26701d8-express-session-1-10-3.lock
80 verbose cache add name="underscore" spec="^1.8.1" args=["underscore","^1.8.1"]
81 verbose parsed url { protocol: null,
81 verbose parsed url   slashes: null,
81 verbose parsed url   auth: null,
81 verbose parsed url   host: null,
81 verbose parsed url   port: null,
81 verbose parsed url   hostname: null,
81 verbose parsed url   hash: null,
81 verbose parsed url   search: null,
81 verbose parsed url   query: null,
81 verbose parsed url   pathname: '^1.8.1',
81 verbose parsed url   path: '^1.8.1',
81 verbose parsed url   href: '^1.8.1' }
82 verbose addNamed [ 'underscore', '^1.8.1' ]
83 verbose addNamed [ null, '>=1.8.1-0 <2.0.0-0' ]
84 silly lockFile 134a583c-underscore-1-8-1 underscore@^1.8.1
85 verbose lock underscore@^1.8.1 /Users/Kyle/.npm/134a583c-underscore-1-8-1.lock
86 silly addNameRange { name: 'express-session',
86 silly addNameRange   range: '>=1.10.3-0 <2.0.0-0',
86 silly addNameRange   hasData: false }
87 silly addNameRange { name: 'underscore',
87 silly addNameRange   range: '>=1.8.1-0 <2.0.0-0',
87 silly addNameRange   hasData: false }
88 verbose request where is /express-session
89 verbose request registry https://registry.npmjs.org/
90 verbose url raw /express-session
91 verbose url resolving [ 'https://registry.npmjs.org/', './express-session' ]
92 verbose url resolved https://registry.npmjs.org/express-session
93 verbose request where is https://registry.npmjs.org/express-session
94 info trying registry request attempt 1 at 14:51:54
95 verbose etag "7VTVXGETQGKOABI8OHL7F5HZO"
96 http GET https://registry.npmjs.org/express-session
97 verbose request where is /underscore
98 verbose request registry https://registry.npmjs.org/
99 verbose url raw /underscore
100 verbose url resolving [ 'https://registry.npmjs.org/', './underscore' ]
101 verbose url resolved https://registry.npmjs.org/underscore
102 verbose request where is https://registry.npmjs.org/underscore
103 info trying registry request attempt 1 at 14:51:54
104 verbose etag "5YHPH992VMSA5VLSZQQKA028P"
105 http GET https://registry.npmjs.org/underscore
106 http 304 https://registry.npmjs.org/underscore
107 silly registry.get cb [ 304,
107 silly registry.get   { date: 'Sat, 21 Feb 2015 22:51:54 GMT',
107 silly registry.get     server: 'Apache',
107 silly registry.get     via: '1.1 varnish',
107 silly registry.get     'last-modified': 'Sat, 21 Feb 2015 22:51:54 GMT',
107 silly registry.get     'cache-control': 'max-age=60',
107 silly registry.get     etag: '"5YHPH992VMSA5VLSZQQKA028P"',
107 silly registry.get     age: '44',
107 silly registry.get     'x-served-by': 'cache-lax1428-LAX',
107 silly registry.get     'x-cache': 'HIT',
107 silly registry.get     'x-cache-hits': '1',
107 silly registry.get     'x-timer': 'S1424559114.844744,VS0,VE0',
107 silly registry.get     vary: 'Accept',
107 silly registry.get     'content-length': '0',
107 silly registry.get     'keep-alive': 'timeout=10, max=50',
107 silly registry.get     connection: 'Keep-Alive' } ]
108 verbose etag https://registry.npmjs.org/underscore from cache
109 silly addNameRange number 2 { name: 'underscore',
109 silly addNameRange   range: '>=1.8.1-0 <2.0.0-0',
109 silly addNameRange   hasData: true }
110 silly addNameRange versions [ 'underscore',
110 silly addNameRange   [ '1.0.3',
110 silly addNameRange     '1.0.4',
110 silly addNameRange     '1.1.0',
110 silly addNameRange     '1.1.1',
110 silly addNameRange     '1.1.2',
110 silly addNameRange     '1.1.3',
110 silly addNameRange     '1.1.4',
110 silly addNameRange     '1.1.5',
110 silly addNameRange     '1.1.6',
110 silly addNameRange     '1.1.7',
110 silly addNameRange     '1.2.0',
110 silly addNameRange     '1.2.1',
110 silly addNameRange     '1.2.2',
110 silly addNameRange     '1.2.3',
110 silly addNameRange     '1.2.4',
110 silly addNameRange     '1.3.0',
110 silly addNameRange     '1.3.1',
110 silly addNameRange     '1.3.2',
110 silly addNameRange     '1.3.3',
110 silly addNameRange     '1.4.0',
110 silly addNameRange     '1.4.1',
110 silly addNameRange     '1.4.2',
110 silly addNameRange     '1.4.3',
110 silly addNameRange     '1.4.4',
110 silly addNameRange     '1.5.0',
110 silly addNameRange     '1.5.1',
110 silly addNameRange     '1.5.2',
110 silly addNameRange     '1.6.0',
110 silly addNameRange     '1.7.0',
110 silly addNameRange     '1.8.0',
110 silly addNameRange     '1.8.1' ] ]
111 verbose addNamed [ 'underscore', '1.8.1' ]
112 verbose addNamed [ '1.8.1', '1.8.1' ]
113 silly lockFile 7666a628-underscore-1-8-1 underscore@1.8.1
114 verbose lock underscore@1.8.1 /Users/Kyle/.npm/7666a628-underscore-1-8-1.lock
115 silly lockFile 4af9fb5e--underscore-underscore-1-8-1-tgz https://registry.npmjs.org/underscore/-/underscore-1.8.1.tgz
116 verbose lock https://registry.npmjs.org/underscore/-/underscore-1.8.1.tgz /Users/Kyle/.npm/4af9fb5e--underscore-underscore-1-8-1-tgz.lock
117 verbose addRemoteTarball [ 'https://registry.npmjs.org/underscore/-/underscore-1.8.1.tgz',
117 verbose addRemoteTarball   '1581e7870f5db1bb77b9ddf0c1904df6525880ae' ]
118 info retry fetch attempt 1 at 14:51:54
119 verbose fetch to= /var/folders/mr/xcsc_vxn5g12_z77w34k5ssc0000gn/T/npm-66570-nPjygENG/registry.npmjs.org/underscore/-/underscore-1.8.1.tgz
120 http GET https://registry.npmjs.org/underscore/-/underscore-1.8.1.tgz
121 http 200 https://registry.npmjs.org/gulp-jshint
122 silly registry.get cb [ 200,
122 silly registry.get   { date: 'Sat, 21 Feb 2015 22:51:54 GMT',
122 silly registry.get     server: 'CouchDB/1.5.0 (Erlang OTP/R16B03)',
122 silly registry.get     etag: '"24NO8CGT78Q4R4D7DSHHTGPMV"',
122 silly registry.get     'content-type': 'application/json',
122 silly registry.get     'cache-control': 'max-age=60',
122 silly registry.get     'content-length': '54158',
122 silly registry.get     'accept-ranges': 'bytes',
122 silly registry.get     via: '1.1 varnish',
122 silly registry.get     age: '42',
122 silly registry.get     'x-served-by': 'cache-lax1435-LAX',
122 silly registry.get     'x-cache': 'HIT',
122 silly registry.get     'x-cache-hits': '1',
122 silly registry.get     'x-timer': 'S1424559114.850980,VS0,VE0',
122 silly registry.get     vary: 'Accept',
122 silly registry.get     'keep-alive': 'timeout=10, max=50',
122 silly registry.get     connection: 'Keep-Alive' } ]
123 silly addNameRange number 2 { name: 'gulp-jshint',
123 silly addNameRange   range: '>=1.9.2-0 <2.0.0-0',
123 silly addNameRange   hasData: true }
124 silly addNameRange versions [ 'gulp-jshint',
124 silly addNameRange   [ '0.0.1',
124 silly addNameRange     '0.1.0',
124 silly addNameRange     '1.0.0',
124 silly addNameRange     '1.1.0',
124 silly addNameRange     '1.2.0',
124 silly addNameRange     '1.3.0',
124 silly addNameRange     '1.3.1',
124 silly addNameRange     '1.3.2',
124 silly addNameRange     '1.3.3',
124 silly addNameRange     '1.3.4',
124 silly addNameRange     '1.4.0',
124 silly addNameRange     '1.4.1',
124 silly addNameRange     '1.4.2',
124 silly addNameRange     '1.5.0',
124 silly addNameRange     '1.5.1',
124 silly addNameRange     '1.5.2',
124 silly addNameRange     '1.5.3',
124 silly addNameRange     '1.5.4',
124 silly addNameRange     '1.5.5',
124 silly addNameRange     '1.5.6',
124 silly addNameRange     '1.6.0',
124 silly addNameRange     '1.6.1',
124 silly addNameRange     '1.6.2',
124 silly addNameRange     '1.6.3',
124 silly addNameRange     '1.6.4',
124 silly addNameRange     '1.7.0',
124 silly addNameRange     '1.7.1',
124 silly addNameRange     '1.8.0',
124 silly addNameRange     '1.8.1',
124 silly addNameRange     '1.8.2',
124 silly addNameRange     '1.8.3',
124 silly addNameRange     '1.8.4',
124 silly addNameRange     '1.8.5',
124 silly addNameRange     '1.8.6',
124 silly addNameRange     '1.9.0',
124 silly addNameRange     '1.9.2' ] ]
125 verbose addNamed [ 'gulp-jshint', '1.9.2' ]
126 verbose addNamed [ '1.9.2', '1.9.2' ]
127 silly lockFile 8d25131c-gulp-jshint-1-9-2 gulp-jshint@1.9.2
128 verbose lock gulp-jshint@1.9.2 /Users/Kyle/.npm/8d25131c-gulp-jshint-1-9-2.lock
129 silly lockFile c82f914f-ulp-jshint-gulp-jshint-1-9-2-tgz https://registry.npmjs.org/gulp-jshint/-/gulp-jshint-1.9.2.tgz
130 verbose lock https://registry.npmjs.org/gulp-jshint/-/gulp-jshint-1.9.2.tgz /Users/Kyle/.npm/c82f914f-ulp-jshint-gulp-jshint-1-9-2-tgz.lock
131 verbose addRemoteTarball [ 'https://registry.npmjs.org/gulp-jshint/-/gulp-jshint-1.9.2.tgz',
131 verbose addRemoteTarball   '6ad0451b20a14541050e7e45694e7fde6d18a233' ]
132 info retry fetch attempt 1 at 14:51:54
133 verbose fetch to= /var/folders/mr/xcsc_vxn5g12_z77w34k5ssc0000gn/T/npm-66570-nPjygENG/registry.npmjs.org/gulp-jshint/-/gulp-jshint-1.9.2.tgz
134 http GET https://registry.npmjs.org/gulp-jshint/-/gulp-jshint-1.9.2.tgz
135 http 304 https://registry.npmjs.org/express-session
136 silly registry.get cb [ 304,
136 silly registry.get   { date: 'Sat, 21 Feb 2015 22:51:54 GMT',
136 silly registry.get     server: 'Apache',
136 silly registry.get     via: '1.1 varnish',
136 silly registry.get     'last-modified': 'Sat, 21 Feb 2015 22:51:55 GMT',
136 silly registry.get     'cache-control': 'max-age=60',
136 silly registry.get     etag: '"7VTVXGETQGKOABI8OHL7F5HZO"',
136 silly registry.get     age: '0',
136 silly registry.get     'x-served-by': 'cache-lax1427-LAX',
136 silly registry.get     'x-cache': 'HIT',
136 silly registry.get     'x-cache-hits': '1',
136 silly registry.get     'x-timer': 'S1424559114.844259,VS0,VE172',
136 silly registry.get     vary: 'Accept',
136 silly registry.get     'content-length': '0',
136 silly registry.get     'keep-alive': 'timeout=10, max=50',
136 silly registry.get     connection: 'Keep-Alive' } ]
137 verbose etag https://registry.npmjs.org/express-session from cache
138 silly addNameRange number 2 { name: 'express-session',
138 silly addNameRange   range: '>=1.10.3-0 <2.0.0-0',
138 silly addNameRange   hasData: true }
139 silly addNameRange versions [ 'express-session',
139 silly addNameRange   [ '1.0.0',
139 silly addNameRange     '1.0.1',
139 silly addNameRange     '1.0.2',
139 silly addNameRange     '1.0.3',
139 silly addNameRange     '1.0.4',
139 silly addNameRange     '1.1.0',
139 silly addNameRange     '1.2.0',
139 silly addNameRange     '1.2.1',
139 silly addNameRange     '1.3.0',
139 silly addNameRange     '1.3.1',
139 silly addNameRange     '1.4.0',
139 silly addNameRange     '1.5.0',
139 silly addNameRange     '1.5.1',
139 silly addNameRange     '1.5.2',
139 silly addNameRange     '1.6.0',
139 silly addNameRange     '1.6.1',
139 silly addNameRange     '1.6.2',
139 silly addNameRange     '1.6.3',
139 silly addNameRange     '1.6.4',
139 silly addNameRange     '1.6.5',
139 silly addNameRange     '1.7.0',
139 silly addNameRange     '1.7.1',
139 silly addNameRange     '1.7.2',
139 silly addNameRange     '1.7.3',
139 silly addNameRange     '1.7.4',
139 silly addNameRange     '1.7.5',
139 silly addNameRange     '1.7.6',
139 silly addNameRange     '1.8.0',
139 silly addNameRange     '1.8.1',
139 silly addNameRange     '1.8.2',
139 silly addNameRange     '1.9.0',
139 silly addNameRange     '1.9.1',
139 silly addNameRange     '1.9.2',
139 silly addNameRange     '1.9.3',
139 silly addNameRange     '1.10.0',
139 silly addNameRange     '1.10.1',
139 silly addNameRange     '1.10.2',
139 silly addNameRange     '1.10.3' ] ]
140 verbose addNamed [ 'express-session', '1.10.3' ]
141 verbose addNamed [ '1.10.3', '1.10.3' ]
142 silly lockFile 146697a8-express-session-1-10-3 express-session@1.10.3
143 verbose lock express-session@1.10.3 /Users/Kyle/.npm/146697a8-express-session-1-10-3.lock
144 silly lockFile 5e15a0c3-ssion-express-session-1-10-3-tgz https://registry.npmjs.org/express-session/-/express-session-1.10.3.tgz
145 verbose lock https://registry.npmjs.org/express-session/-/express-session-1.10.3.tgz /Users/Kyle/.npm/5e15a0c3-ssion-express-session-1-10-3-tgz.lock
146 verbose addRemoteTarball [ 'https://registry.npmjs.org/express-session/-/express-session-1.10.3.tgz',
146 verbose addRemoteTarball   '10e09dab2548a0c95d4f1710b89e63016610a268' ]
147 info retry fetch attempt 1 at 14:51:55
148 verbose fetch to= /var/folders/mr/xcsc_vxn5g12_z77w34k5ssc0000gn/T/npm-66570-nPjygENG/registry.npmjs.org/express-session/-/express-session-1.10.3.tgz
149 http GET https://registry.npmjs.org/express-session/-/express-session-1.10.3.tgz
150 http 200 https://registry.npmjs.org/underscore/-/underscore-1.8.1.tgz
151 http 200 https://registry.npmjs.org/gulp-nodemon
152 silly registry.get cb [ 200,
152 silly registry.get   { date: 'Sat, 21 Feb 2015 22:51:55 GMT',
152 silly registry.get     server: 'CouchDB/1.5.0 (Erlang OTP/R16B03)',
152 silly registry.get     etag: '"444UTV7MZMGU2SBSRT6COYVDW"',
152 silly registry.get     'content-type': 'application/json',
152 silly registry.get     'cache-control': 'max-age=60',
152 silly registry.get     'content-length': '17881',
152 silly registry.get     'accept-ranges': 'bytes',
152 silly registry.get     via: '1.1 varnish',
152 silly registry.get     age: '0',
152 silly registry.get     'x-served-by': 'cache-lax1432-LAX',
152 silly registry.get     'x-cache': 'HIT',
152 silly registry.get     'x-cache-hits': '1',
152 silly registry.get     'x-timer': 'S1424559114.846742,VS0,VE172',
152 silly registry.get     vary: 'Accept',
152 silly registry.get     'keep-alive': 'timeout=10, max=50',
152 silly registry.get     connection: 'Keep-Alive' } ]
153 silly addNameRange number 2 { name: 'gulp-nodemon',
153 silly addNameRange   range: '>=1.0.5-0 <2.0.0-0',
153 silly addNameRange   hasData: true }
154 silly addNameRange versions [ 'gulp-nodemon',
154 silly addNameRange   [ '0.0.1',
154 silly addNameRange     '0.0.2',
154 silly addNameRange     '0.0.3',
154 silly addNameRange     '0.1.0',
154 silly addNameRange     '0.1.1',
154 silly addNameRange     '0.1.2',
154 silly addNameRange     '1.0.0',
154 silly addNameRange     '1.0.1',
154 silly addNameRange     '1.0.2',
154 silly addNameRange     '1.0.3',
154 silly addNameRange     '1.0.4',
154 silly addNameRange     '1.0.5' ] ]
155 verbose addNamed [ 'gulp-nodemon', '1.0.5' ]
156 verbose addNamed [ '1.0.5', '1.0.5' ]
157 silly lockFile cba081b0-gulp-nodemon-1-0-5 gulp-nodemon@1.0.5
158 verbose lock gulp-nodemon@1.0.5 /Users/Kyle/.npm/cba081b0-gulp-nodemon-1-0-5.lock
159 silly lockFile 9275cef1-p-nodemon-gulp-nodemon-1-0-5-tgz https://registry.npmjs.org/gulp-nodemon/-/gulp-nodemon-1.0.5.tgz
160 verbose lock https://registry.npmjs.org/gulp-nodemon/-/gulp-nodemon-1.0.5.tgz /Users/Kyle/.npm/9275cef1-p-nodemon-gulp-nodemon-1-0-5-tgz.lock
161 verbose addRemoteTarball [ 'https://registry.npmjs.org/gulp-nodemon/-/gulp-nodemon-1.0.5.tgz',
161 verbose addRemoteTarball   '08d7ead2e557de0592f5ed4b98a4177086065a7b' ]
162 info retry fetch attempt 1 at 14:51:55
163 verbose fetch to= /var/folders/mr/xcsc_vxn5g12_z77w34k5ssc0000gn/T/npm-66570-nPjygENG/registry.npmjs.org/gulp-nodemon/-/gulp-nodemon-1.0.5.tgz
164 http GET https://registry.npmjs.org/gulp-nodemon/-/gulp-nodemon-1.0.5.tgz
165 silly lockFile 4af9fb5e--underscore-underscore-1-8-1-tgz https://registry.npmjs.org/underscore/-/underscore-1.8.1.tgz
166 silly lockFile 4af9fb5e--underscore-underscore-1-8-1-tgz https://registry.npmjs.org/underscore/-/underscore-1.8.1.tgz
167 silly lockFile 7666a628-underscore-1-8-1 underscore@1.8.1
168 silly lockFile 7666a628-underscore-1-8-1 underscore@1.8.1
169 silly lockFile 134a583c-underscore-1-8-1 underscore@^1.8.1
170 silly lockFile 134a583c-underscore-1-8-1 underscore@^1.8.1
171 http 200 https://registry.npmjs.org/gulp-jshint/-/gulp-jshint-1.9.2.tgz
172 silly lockFile c82f914f-ulp-jshint-gulp-jshint-1-9-2-tgz https://registry.npmjs.org/gulp-jshint/-/gulp-jshint-1.9.2.tgz
173 silly lockFile c82f914f-ulp-jshint-gulp-jshint-1-9-2-tgz https://registry.npmjs.org/gulp-jshint/-/gulp-jshint-1.9.2.tgz
174 silly lockFile 8d25131c-gulp-jshint-1-9-2 gulp-jshint@1.9.2
175 silly lockFile 8d25131c-gulp-jshint-1-9-2 gulp-jshint@1.9.2
176 silly lockFile 603221a2-gulp-jshint-1-9-2 gulp-jshint@^1.9.2
177 silly lockFile 603221a2-gulp-jshint-1-9-2 gulp-jshint@^1.9.2
178 http 200 https://registry.npmjs.org/express-session/-/express-session-1.10.3.tgz
179 silly lockFile 5e15a0c3-ssion-express-session-1-10-3-tgz https://registry.npmjs.org/express-session/-/express-session-1.10.3.tgz
180 silly lockFile 5e15a0c3-ssion-express-session-1-10-3-tgz https://registry.npmjs.org/express-session/-/express-session-1.10.3.tgz
181 silly lockFile 146697a8-express-session-1-10-3 express-session@1.10.3
182 silly lockFile 146697a8-express-session-1-10-3 express-session@1.10.3
183 silly lockFile c26701d8-express-session-1-10-3 express-session@^1.10.3
184 silly lockFile c26701d8-express-session-1-10-3 express-session@^1.10.3
185 http 200 https://registry.npmjs.org/gulp-nodemon/-/gulp-nodemon-1.0.5.tgz
186 silly lockFile 9275cef1-p-nodemon-gulp-nodemon-1-0-5-tgz https://registry.npmjs.org/gulp-nodemon/-/gulp-nodemon-1.0.5.tgz
187 silly lockFile 9275cef1-p-nodemon-gulp-nodemon-1-0-5-tgz https://registry.npmjs.org/gulp-nodemon/-/gulp-nodemon-1.0.5.tgz
188 silly lockFile cba081b0-gulp-nodemon-1-0-5 gulp-nodemon@1.0.5
189 silly lockFile cba081b0-gulp-nodemon-1-0-5 gulp-nodemon@1.0.5
190 silly lockFile c40cd328-gulp-nodemon-1-0-5 gulp-nodemon@^1.0.5
191 silly lockFile c40cd328-gulp-nodemon-1-0-5 gulp-nodemon@^1.0.5
192 error Error: EACCES, mkdir '/Users/Kyle/.npm/underscore/1.8.1'
192 error  { [Error: EACCES, mkdir '/Users/Kyle/.npm/underscore/1.8.1']
192 error   errno: 3,
192 error   code: 'EACCES',
192 error   path: '/Users/Kyle/.npm/underscore/1.8.1',
192 error   parent: 'robobetty' }
193 error Please try running this command again as root/Administrator.
194 error System Darwin 13.4.0
195 error command "node" "/usr/local/bin/npm" "install"
196 error cwd /Users/Kyle/web-app
197 error node -v v0.10.35
198 error npm -v 1.4.28
199 error path /Users/Kyle/.npm/underscore/1.8.1
200 error code EACCES
201 error errno 3
202 error stack Error: EACCES, mkdir '/Users/Kyle/.npm/underscore/1.8.1'
203 verbose exit [ 3, true ]
